<?xml version="1.0" encoding="UTF-8"?>
<testsuite xmlns:xsi="http://www.w3.org/2001/XMLSchema-instance" xsi:noNamespaceSchemaLocation="https://maven.apache.org/surefire/maven-surefire-plugin/xsd/surefire-test-report.xsd" name="ch.bbw.td.consoleCalculator.CalculatorTest" time="0.024" tests="86" errors="0" skipped="5" failures="0">
  <properties>
    <property name="gopherProxySet" value="false"/>
    <property name="awt.toolkit" value="sun.lwawt.macosx.LWCToolkit"/>
    <property name="java.specification.version" value="10"/>
    <property name="file.encoding.pkg" value="sun.io"/>
    <property name="sun.cpu.isalist" value=""/>
    <property name="sun.jnu.encoding" value="UTF-8"/>
    <property name="java.class.path" value="/Users/tim/Schule/02_ConsoleCalculatorWithMaven3/target/test-classes:/Users/tim/Schule/02_ConsoleCalculatorWithMaven3/target/classes:/Users/tim/.m2/repository/junit/junit/4.11/junit-4.11.jar:/Users/tim/.m2/repository/org/hamcrest/hamcrest-core/1.3/hamcrest-core-1.3.jar:"/>
    <property name="java.vm.vendor" value="&quot;Oracle Corporation&quot;"/>
    <property name="sun.arch.data.model" value="64"/>
    <property name="java.vendor.url" value="http://java.oracle.com/"/>
    <property name="user.timezone" value=""/>
    <property name="java.vm.specification.version" value="10"/>
    <property name="os.name" value="Mac OS X"/>
    <property name="sun.java.launcher" value="SUN_STANDARD"/>
    <property name="user.country" value="CH"/>
    <property name="sun.boot.library.path" value="/Library/Java/JavaVirtualMachines/jdk-10.0.2.jdk/Contents/Home/lib"/>
    <property name="sun.java.command" value="/Users/tim/Schule/02_ConsoleCalculatorWithMaven3/target/surefire/surefirebooter6846356834431561489.jar /Users/tim/Schule/02_ConsoleCalculatorWithMaven3/target/surefire 2020-01-19T17-24-39_906-jvmRun1 surefire3280126737202015257tmp surefire_017266452644186257131tmp"/>
    <property name="http.nonProxyHosts" value="local|*.local|169.254/16|*.169.254/16"/>
    <property name="jdk.debug" value="release"/>
    <property name="surefire.test.class.path" value="/Users/tim/Schule/02_ConsoleCalculatorWithMaven3/target/test-classes:/Users/tim/Schule/02_ConsoleCalculatorWithMaven3/target/classes:/Users/tim/.m2/repository/junit/junit/4.11/junit-4.11.jar:/Users/tim/.m2/repository/org/hamcrest/hamcrest-core/1.3/hamcrest-core-1.3.jar:"/>
    <property name="sun.cpu.endian" value="little"/>
    <property name="user.home" value="/Users/tim"/>
    <property name="user.language" value="de"/>
    <property name="java.specification.vendor" value="Oracle Corporation"/>
    <property name="java.version.date" value="2018-07-17"/>
    <property name="java.home" value="/Library/Java/JavaVirtualMachines/jdk-10.0.2.jdk/Contents/Home"/>
    <property name="file.separator" value="/"/>
    <property name="basedir" value="/Users/tim/Schule/02_ConsoleCalculatorWithMaven3"/>
    <property name="java.vm.compressedOopsMode" value="Zero based"/>
    <property name="line.separator" value="&#10;"/>
    <property name="java.specification.name" value="Java Platform API Specification"/>
    <property name="java.vm.specification.vendor" value="Oracle Corporation"/>
    <property name="java.awt.graphicsenv" value="sun.awt.CGraphicsEnvironment"/>
    <property name="surefire.real.class.path" value="/Users/tim/Schule/02_ConsoleCalculatorWithMaven3/target/surefire/surefirebooter6846356834431561489.jar"/>
    <property name="sun.management.compiler" value="HotSpot 64-Bit Tiered Compilers"/>
    <property name="ftp.nonProxyHosts" value="local|*.local|169.254/16|*.169.254/16"/>
    <property name="java.runtime.version" value="10.0.2+13"/>
    <property name="user.name" value="tim"/>
    <property name="path.separator" value=":"/>
    <property name="os.version" value="10.15.1"/>
    <property name="java.runtime.name" value="Java(TM) SE Runtime Environment"/>
    <property name="file.encoding" value="UTF-8"/>
    <property name="java.vm.name" value="Java HotSpot(TM) 64-Bit Server VM"/>
    <property name="java.vendor.version" value="18.3"/>
    <property name="localRepository" value="/Users/tim/.m2/repository"/>
    <property name="java.vendor.url.bug" value="http://bugreport.java.com/bugreport/"/>
    <property name="java.io.tmpdir" value="/var/folders/hr/jqx7p76s4sq4t5x_4w_r8_qr0000gn/T/"/>
    <property name="java.version" value="10.0.2"/>
    <property name="user.dir" value="/Users/tim/Schule/02_ConsoleCalculatorWithMaven3"/>
    <property name="os.arch" value="x86_64"/>
    <property name="java.vm.specification.name" value="Java Virtual Machine Specification"/>
    <property name="java.awt.printerjob" value="sun.lwawt.macosx.CPrinterJob"/>
    <property name="sun.os.patch.level" value="unknown"/>
    <property name="java.library.path" value="/Users/tim/Library/Java/Extensions:/Library/Java/Extensions:/Network/Library/Java/Extensions:/System/Library/Java/Extensions:/usr/lib/java:."/>
    <property name="java.vendor" value="Oracle Corporation"/>
    <property name="java.vm.info" value="mixed mode"/>
    <property name="java.vm.version" value="10.0.2+13"/>
    <property name="sun.io.unicode.encoding" value="UnicodeBig"/>
    <property name="java.class.version" value="54.0"/>
    <property name="socksNonProxyHosts" value="local|*.local|169.254/16|*.169.254/16"/>
  </properties>
  <testcase name="testDivisionNegativDurchZeroIsOk" classname="ch.bbw.td.consoleCalculator.CalculatorTest" time="0"/>
  <testcase name="testDivisionNegativDurchPositivIsOk" classname="ch.bbw.td.consoleCalculator.CalculatorTest" time="0"/>
  <testcase name="testDivisionPositivDurchZeroIsInfinity" classname="ch.bbw.td.consoleCalculator.CalculatorTest" time="0"/>
  <testcase name="testSummeMinValuePositiveIsOk" classname="ch.bbw.td.consoleCalculator.CalculatorTest" time="0"/>
  <testcase name="testQuadrierenNegativeIsOk" classname="ch.bbw.td.consoleCalculator.CalculatorTest" time="0">
    <skipped/>
  </testcase>
  <testcase name="testZahlensystemeDecimalToHexPositivIsOk" classname="ch.bbw.td.consoleCalculator.CalculatorTest" time="0"/>
  <testcase name="testSubtraction1Plus01Minus0IsOk" classname="ch.bbw.td.consoleCalculator.CalculatorTest" time="0"/>
  <testcase name="testDivisionNegativDurchNegativIsOk" classname="ch.bbw.td.consoleCalculator.CalculatorTest" time="0"/>
  <testcase name="testSummeMinValueNegativeIsOk" classname="ch.bbw.td.consoleCalculator.CalculatorTest" time="0"/>
  <testcase name="testSubtraction1negativ1positivIsOk" classname="ch.bbw.td.consoleCalculator.CalculatorTest" time="0"/>
  <testcase name="testSumme0PlusIsOk" classname="ch.bbw.td.consoleCalculator.CalculatorTest" time="0"/>
  <testcase name="testZinseszinsPositiveIsOk" classname="ch.bbw.td.consoleCalculator.CalculatorTest" time="0"/>
  <testcase name="testSummeMinusPlus0IsOk" classname="ch.bbw.td.consoleCalculator.CalculatorTest" time="0"/>
  <testcase name="testSubtractionPlusMinus0IsOk" classname="ch.bbw.td.consoleCalculator.CalculatorTest" time="0"/>
  <testcase name="testZahlensystemeDecimalToHexMaxIntIsOk" classname="ch.bbw.td.consoleCalculator.CalculatorTest" time="0"/>
  <testcase name="testZahlensystemeDecimalToHexNegativIsOk" classname="ch.bbw.td.consoleCalculator.CalculatorTest" time="0"/>
  <testcase name="testZahlensystemeDecimalToDecimalPositivIsOk" classname="ch.bbw.td.consoleCalculator.CalculatorTest" time="0"/>
  <testcase name="testZinseszinsAnfangskapitalNegativZinsenNegativIsOk" classname="ch.bbw.td.consoleCalculator.CalculatorTest" time="0"/>
  <testcase name="testZinseszinsZinsNegativIsOk" classname="ch.bbw.td.consoleCalculator.CalculatorTest" time="0"/>
  <testcase name="testSummeZweiPositiveIsOk" classname="ch.bbw.td.consoleCalculator.CalculatorTest" time="0"/>
  <testcase name="testSubtraktionPositivNegativGreaterThenZero" classname="ch.bbw.td.consoleCalculator.CalculatorTest" time="0"/>
  <testcase name="testZahlensystemeDecimalToDecimalMinIntIsOk" classname="ch.bbw.td.consoleCalculator.CalculatorTest" time="0"/>
  <testcase name="testZahlensystemeDecimalToDecimalNegativIsOk" classname="ch.bbw.td.consoleCalculator.CalculatorTest" time="0"/>
  <testcase name="testQuadrierenZeroIsOk" classname="ch.bbw.td.consoleCalculator.CalculatorTest" time="0">
    <skipped/>
  </testcase>
  <testcase name="testSummePlus0MinusIsOk" classname="ch.bbw.td.consoleCalculator.CalculatorTest" time="0"/>
  <testcase name="testDivisionNegativDurchZeroexceptionIsOk" classname="ch.bbw.td.consoleCalculator.CalculatorTest" time="0"/>
  <testcase name="testSummeMaxValuePositiveIsOk" classname="ch.bbw.td.consoleCalculator.CalculatorTest" time="0"/>
  <testcase name="testDivisionZeroDurchZeroIsOk" classname="ch.bbw.td.consoleCalculator.CalculatorTest" time="0"/>
  <testcase name="testSubtraction1positiv1negativIsOk" classname="ch.bbw.td.consoleCalculator.CalculatorTest" time="0"/>
  <testcase name="testSummeMinus0MinusIsOk" classname="ch.bbw.td.consoleCalculator.CalculatorTest" time="0.001"/>
  <testcase name="testSubtractionZweiPositiveIsOk" classname="ch.bbw.td.consoleCalculator.CalculatorTest" time="0"/>
  <testcase name="testSummeMaxValueNegativeIsOk" classname="ch.bbw.td.consoleCalculator.CalculatorTest" time="0"/>
  <testcase name="testSumme2negativIsOk" classname="ch.bbw.td.consoleCalculator.CalculatorTest" time="0"/>
  <testcase name="testSubtraction2negativIsOk" classname="ch.bbw.td.consoleCalculator.CalculatorTest" time="0"/>
  <testcase name="testSummeMinus0PlusIsOk" classname="ch.bbw.td.consoleCalculator.CalculatorTest" time="0"/>
  <testcase name="testZahlensystemeDecimalToOctalMinIntIsOk" classname="ch.bbw.td.consoleCalculator.CalculatorTest" time="0"/>
  <testcase name="testSubtractionMinus0MinusIsOk" classname="ch.bbw.td.consoleCalculator.CalculatorTest" time="0"/>
  <testcase name="testSumme2malMinus0IsOk" classname="ch.bbw.td.consoleCalculator.CalculatorTest" time="0"/>
  <testcase name="testBinaryMinIntIsOk" classname="ch.bbw.td.consoleCalculator.CalculatorTest" time="0"/>
  <testcase name="testSumme1Plus01Minus0IsOk" classname="ch.bbw.td.consoleCalculator.CalculatorTest" time="0"/>
  <testcase name="testDivisionPositivNegativIsLessThenZero" classname="ch.bbw.td.consoleCalculator.CalculatorTest" time="0"/>
  <testcase name="testZinseszinsAnfangskapitalNegativIsOk" classname="ch.bbw.td.consoleCalculator.CalculatorTest" time="0"/>
  <testcase name="testSubtraction1Minus01Plus0IsOk" classname="ch.bbw.td.consoleCalculator.CalculatorTest" time="0"/>
  <testcase name="testZahlensystemeDecimalToBinaerMinIntIsOk" classname="ch.bbw.td.consoleCalculator.CalculatorTest" time="0"/>
  <testcase name="testSubtraction2mal0IsOk" classname="ch.bbw.td.consoleCalculator.CalculatorTest" time="0"/>
  <testcase name="testDivision2NegativGreaterThenZero" classname="ch.bbw.td.consoleCalculator.CalculatorTest" time="0"/>
  <testcase name="testDivisionPositivDurchZeroIsOk" classname="ch.bbw.td.consoleCalculator.CalculatorTest" time="0"/>
  <testcase name="testSumme1negativ1positivIsOk" classname="ch.bbw.td.consoleCalculator.CalculatorTest" time="0"/>
  <testcase name="testSummeNegativePositivIsLessThenZero" classname="ch.bbw.td.consoleCalculator.CalculatorTest" time="0"/>
  <testcase name="testSummePlusMinus0IsOk" classname="ch.bbw.td.consoleCalculator.CalculatorTest" time="0"/>
  <testcase name="testSubtractionMinusPlus0IsOk" classname="ch.bbw.td.consoleCalculator.CalculatorTest" time="0"/>
  <testcase name="testSummeMinusMinus0IsOk" classname="ch.bbw.td.consoleCalculator.CalculatorTest" time="0"/>
  <testcase name="testDivisionPositivDurchPositivIsOk" classname="ch.bbw.td.consoleCalculator.CalculatorTest" time="0"/>
  <testcase name="testSummeNegativePositivIsGreaterThenZero" classname="ch.bbw.td.consoleCalculator.CalculatorTest" time="0"/>
  <testcase name="testSumme2mal0IsOk" classname="ch.bbw.td.consoleCalculator.CalculatorTest" time="0"/>
  <testcase name="testZahlensystemeDecimalToOctalPositivIsOk" classname="ch.bbw.td.consoleCalculator.CalculatorTest" time="0"/>
  <testcase name="testSubtraktionMinValuePositiveIsOk" classname="ch.bbw.td.consoleCalculator.CalculatorTest" time="0"/>
  <testcase name="testZahlensystemeDecimalToDecimalMaxIntIsOk" classname="ch.bbw.td.consoleCalculator.CalculatorTest" time="0"/>
  <testcase name="testSubtractionPlus0IsOk" classname="ch.bbw.td.consoleCalculator.CalculatorTest" time="0"/>
  <testcase name="testSubtraktionMinValueNegativeIsOk" classname="ch.bbw.td.consoleCalculator.CalculatorTest" time="0"/>
  <testcase name="testSubtraktion2PositivLessThenZero" classname="ch.bbw.td.consoleCalculator.CalculatorTest" time="0"/>
  <testcase name="testZahlensystemeDecimalToHexMinIntIsOk" classname="ch.bbw.td.consoleCalculator.CalculatorTest" time="0"/>
  <testcase name="testSubtractionMinusMinus0IsOk" classname="ch.bbw.td.consoleCalculator.CalculatorTest" time="0"/>
  <testcase name="testBinaryPositivIsOk" classname="ch.bbw.td.consoleCalculator.CalculatorTest" time="0"/>
  <testcase name="testDivisionPositivDurchNegativIsOk" classname="ch.bbw.td.consoleCalculator.CalculatorTest" time="0"/>
  <testcase name="testDivisionZeroDurchPositivIsOk" classname="ch.bbw.td.consoleCalculator.CalculatorTest" time="0"/>
  <testcase name="testZahlensystemeDecimalToOctalNegativIsOk" classname="ch.bbw.td.consoleCalculator.CalculatorTest" time="0"/>
  <testcase name="testZahlensystemeDecimalToBinaerPositivIsOk" classname="ch.bbw.td.consoleCalculator.CalculatorTest" time="0"/>
  <testcase name="testSumme1positiv1negativIsOk" classname="ch.bbw.td.consoleCalculator.CalculatorTest" time="0"/>
  <testcase name="testSubtractionPlus0MinusIsOk" classname="ch.bbw.td.consoleCalculator.CalculatorTest" time="0"/>
  <testcase name="testSummePlus0IsOk" classname="ch.bbw.td.consoleCalculator.CalculatorTest" time="0"/>
  <testcase name="testZahlensystemeDecimalToOctalMaxIntIsOk" classname="ch.bbw.td.consoleCalculator.CalculatorTest" time="0.001"/>
  <testcase name="testBinaryNegativIsOk" classname="ch.bbw.td.consoleCalculator.CalculatorTest" time="0"/>
  <testcase name="testDivisionZeroDurchNegativIsOk" classname="ch.bbw.td.consoleCalculator.CalculatorTest" time="0"/>
  <testcase name="testSumme1Minus01Plus0IsOk" classname="ch.bbw.td.consoleCalculator.CalculatorTest" time="0"/>
  <testcase name="testBinaryMaxIntIsOk" classname="ch.bbw.td.consoleCalculator.CalculatorTest" time="0"/>
  <testcase name="testZahlensystemeDecimalToBinaerNegativIsOk" classname="ch.bbw.td.consoleCalculator.CalculatorTest" time="0"/>
  <testcase name="testWurzelPositivIsOk" classname="ch.bbw.td.consoleCalculator.CalculatorTest" time="0">
    <skipped/>
  </testcase>
  <testcase name="testSubtractionMinus0PlusIsOk" classname="ch.bbw.td.consoleCalculator.CalculatorTest" time="0"/>
  <testcase name="testMultiplicationPositiveTimesPositiveIsOk" classname="ch.bbw.td.consoleCalculator.CalculatorTest" time="0">
    <skipped/>
  </testcase>
  <testcase name="testSubtraktionMaxValuePositiveIsOk" classname="ch.bbw.td.consoleCalculator.CalculatorTest" time="0"/>
  <testcase name="testSubtraction2malMinus0IsOk" classname="ch.bbw.td.consoleCalculator.CalculatorTest" time="0"/>
  <testcase name="testSubtraction0PlusIsOk" classname="ch.bbw.td.consoleCalculator.CalculatorTest" time="0"/>
  <testcase name="testZahlensystemeDecimalToBinaerMaxIntIsOk" classname="ch.bbw.td.consoleCalculator.CalculatorTest" time="0"/>
  <testcase name="testQuadrierenPositveIsOk" classname="ch.bbw.td.consoleCalculator.CalculatorTest" time="0">
    <skipped/>
  </testcase>
  <testcase name="testSubtraktionMaxValueNegativeIsOk" classname="ch.bbw.td.consoleCalculator.CalculatorTest" time="0"/>
</testsuite>